2017-11-08 10:24:22,429 [Worker-13] INFO  o.e.m.c.i.l.LifecycleMappingFactory - Using org.maven.ide.eclipse.wtp.WarLifecycleMapping lifecycle mapping for MavenProject: FazlaysaPaylas:FazlaysaPaylas:0.0.1-SNAPSHOT @ C:\Users\ibadet.ozdemir\workspaceproje\FazlaysaPaylas\pom.xml.
2017-11-08 10:24:23,380 [Worker-3] WARN  o.e.m.c.i.embedder.EclipseLogger - Using platform encoding (Cp1254 actually) to copy filtered resources, i.e. build is platform dependent!
2017-11-08 10:24:23,380 [Worker-3] INFO  o.e.m.c.i.embedder.EclipseLogger - skip non existing resourceDirectory C:\Users\ibadet.ozdemir\workspaceproje\FazlaysaPaylas\src\main\resources
2017-11-08 10:24:23,380 [Worker-3] WARN  o.e.m.c.i.embedder.EclipseLogger - Using platform encoding (Cp1254 actually) to copy filtered resources, i.e. build is platform dependent!
2017-11-08 10:24:23,380 [Worker-3] INFO  o.e.m.c.i.embedder.EclipseLogger - skip non existing resourceDirectory C:\Users\ibadet.ozdemir\workspaceproje\FazlaysaPaylas\src\test\resources
2017-11-08 10:24:23,396 [Worker-13] INFO  o.e.m.j.i.AbstractJavaProjectConfigurator - Adding source folder /FazlaysaPaylas/src
2017-11-08 10:24:23,396 [Worker-13] INFO  o.e.m.j.i.AbstractJavaProjectConfigurator - Not adding source folder /FazlaysaPaylas/src/test/java because it overlaps with /FazlaysaPaylas/src
2017-11-08 10:24:23,770 [Worker-13] INFO  o.e.m.c.i.p.ProjectConfigurationManager - Update started
2017-11-08 10:24:23,833 [Worker-13] INFO  o.e.m.c.i.l.LifecycleMappingFactory - Using org.maven.ide.eclipse.wtp.WarLifecycleMapping lifecycle mapping for MavenProject: FazlaysaPaylas:FazlaysaPaylas:0.0.1-SNAPSHOT @ C:\Users\ibadet.ozdemir\workspaceproje\FazlaysaPaylas\pom.xml.
2017-11-08 10:24:23,973 [Worker-13] INFO  o.e.m.j.i.AbstractJavaProjectConfigurator - Adding source folder /FazlaysaPaylas/src
2017-11-08 10:24:23,973 [Worker-13] INFO  o.e.m.j.i.AbstractJavaProjectConfigurator - Not adding source folder /FazlaysaPaylas/src/test/java because it overlaps with /FazlaysaPaylas/src
2017-11-08 10:24:24,488 [Worker-11] INFO  o.e.m.c.i.l.LifecycleMappingFactory - Using org.maven.ide.eclipse.wtp.WarLifecycleMapping lifecycle mapping for MavenProject: FazlaysaPaylas:FazlaysaPaylas:0.0.1-SNAPSHOT @ C:\Users\ibadet.ozdemir\workspaceproje\FazlaysaPaylas\pom.xml.
2017-11-08 10:24:24,582 [Worker-11] WARN  o.e.m.c.i.embedder.EclipseLogger - Using platform encoding (Cp1254 actually) to copy filtered resources, i.e. build is platform dependent!
2017-11-08 10:24:24,582 [Worker-11] INFO  o.e.m.c.i.embedder.EclipseLogger - skip non existing resourceDirectory C:\Users\ibadet.ozdemir\workspaceproje\FazlaysaPaylas\src\main\resources
2017-11-08 10:24:24,582 [Worker-11] WARN  o.e.m.c.i.embedder.EclipseLogger - Using platform encoding (Cp1254 actually) to copy filtered resources, i.e. build is platform dependent!
2017-11-08 10:24:24,582 [Worker-11] INFO  o.e.m.c.i.embedder.EclipseLogger - skip non existing resourceDirectory C:\Users\ibadet.ozdemir\workspaceproje\FazlaysaPaylas\src\test\resources
2017-11-08 10:24:24,582 [Worker-11] INFO  o.e.m.w.i.f.ResourceFilteringBuildParticipant - Changed resources require a complete clean of filtered resources of FazlaysaPaylas
2017-11-08 10:24:24,582 [Worker-11] INFO  o.e.m.w.i.f.ResourceFilteringBuildParticipant - Executing resource filtering for FazlaysaPaylas
2017-11-08 10:24:24,597 [Worker-11] WARN  o.e.m.c.i.embedder.EclipseLogger - Using platform encoding (Cp1254 actually) to copy filtered resources, i.e. build is platform dependent!
2017-11-08 10:24:24,847 [Worker-13] INFO  o.e.m.c.i.l.LifecycleMappingFactory - Using org.maven.ide.eclipse.wtp.WarLifecycleMapping lifecycle mapping for MavenProject: FazlaysaPaylas:FazlaysaPaylas:0.0.1-SNAPSHOT @ C:\Users\ibadet.ozdemir\workspaceproje\FazlaysaPaylas\pom.xml.
2017-11-08 10:24:24,894 [Worker-13] INFO  o.e.m.w.i.f.ResourceFilteringBuildParticipant - Cleaning filtered folder for FazlaysaPaylas
2017-11-08 10:24:24,909 [Worker-13] INFO  o.e.m.c.i.p.ProjectConfigurationManager - Update completed: 1 sec
2017-11-08 10:24:25,648 [Worker-11] WARN  o.e.m.c.i.embedder.EclipseLogger - Using platform encoding (Cp1254 actually) to copy filtered resources, i.e. build is platform dependent!
2017-11-08 10:24:25,648 [Worker-11] INFO  o.e.m.c.i.embedder.EclipseLogger - skip non existing resourceDirectory C:\Users\ibadet.ozdemir\workspaceproje\FazlaysaPaylas\src\main\resources
2017-11-08 10:24:25,648 [Worker-11] WARN  o.e.m.c.i.embedder.EclipseLogger - Using platform encoding (Cp1254 actually) to copy filtered resources, i.e. build is platform dependent!
2017-11-08 10:24:25,648 [Worker-11] INFO  o.e.m.c.i.embedder.EclipseLogger - skip non existing resourceDirectory C:\Users\ibadet.ozdemir\workspaceproje\FazlaysaPaylas\src\test\resources
2017-11-08 10:26:28,446 [Worker-10] WARN  o.e.m.c.i.embedder.EclipseLogger - Using platform encoding (Cp1254 actually) to copy filtered resources, i.e. build is platform dependent!
2017-11-08 10:26:28,446 [Worker-10] INFO  o.e.m.c.i.embedder.EclipseLogger - skip non existing resourceDirectory C:\Users\ibadet.ozdemir\workspaceproje\FazlaysaPaylas\src\main\resources
2017-11-08 10:26:28,446 [Worker-10] WARN  o.e.m.c.i.embedder.EclipseLogger - Using platform encoding (Cp1254 actually) to copy filtered resources, i.e. build is platform dependent!
2017-11-08 10:26:28,446 [Worker-10] INFO  o.e.m.c.i.embedder.EclipseLogger - skip non existing resourceDirectory C:\Users\ibadet.ozdemir\workspaceproje\FazlaysaPaylas\src\test\resources
2017-11-08 10:31:52,723 [Worker-18] WARN  o.e.m.c.i.embedder.EclipseLogger - Using platform encoding (Cp1254 actually) to copy filtered resources, i.e. build is platform dependent!
2017-11-08 10:31:52,723 [Worker-18] INFO  o.e.m.c.i.embedder.EclipseLogger - skip non existing resourceDirectory C:\Users\ibadet.ozdemir\workspaceproje\FazlaysaPaylas\src\main\resources
2017-11-08 10:31:52,723 [Worker-18] WARN  o.e.m.c.i.embedder.EclipseLogger - Using platform encoding (Cp1254 actually) to copy filtered resources, i.e. build is platform dependent!
2017-11-08 10:31:52,723 [Worker-18] INFO  o.e.m.c.i.embedder.EclipseLogger - skip non existing resourceDirectory C:\Users\ibadet.ozdemir\workspaceproje\FazlaysaPaylas\src\test\resources
2017-11-08 11:04:53,360 [Worker-35] WARN  o.e.m.c.i.embedder.EclipseLogger - Using platform encoding (Cp1254 actually) to copy filtered resources, i.e. build is platform dependent!
2017-11-08 11:04:53,370 [Worker-35] INFO  o.e.m.c.i.embedder.EclipseLogger - skip non existing resourceDirectory C:\Users\ibadet.ozdemir\workspaceproje\FazlaysaPaylas\src\main\resources
2017-11-08 11:04:53,370 [Worker-35] WARN  o.e.m.c.i.embedder.EclipseLogger - Using platform encoding (Cp1254 actually) to copy filtered resources, i.e. build is platform dependent!
2017-11-08 11:04:53,370 [Worker-35] INFO  o.e.m.c.i.embedder.EclipseLogger - skip non existing resourceDirectory C:\Users\ibadet.ozdemir\workspaceproje\FazlaysaPaylas\src\test\resources
2017-11-08 11:09:22,187 [Worker-34] WARN  o.e.m.c.i.embedder.EclipseLogger - Using platform encoding (Cp1254 actually) to copy filtered resources, i.e. build is platform dependent!
2017-11-08 11:09:22,187 [Worker-34] INFO  o.e.m.c.i.embedder.EclipseLogger - skip non existing resourceDirectory C:\Users\ibadet.ozdemir\workspaceproje\FazlaysaPaylas\src\main\resources
2017-11-08 11:09:22,187 [Worker-34] WARN  o.e.m.c.i.embedder.EclipseLogger - Using platform encoding (Cp1254 actually) to copy filtered resources, i.e. build is platform dependent!
2017-11-08 11:09:22,187 [Worker-34] INFO  o.e.m.c.i.embedder.EclipseLogger - skip non existing resourceDirectory C:\Users\ibadet.ozdemir\workspaceproje\FazlaysaPaylas\src\test\resources
2017-11-08 11:09:41,043 [Worker-34] WARN  o.e.m.c.i.embedder.EclipseLogger - Using platform encoding (Cp1254 actually) to copy filtered resources, i.e. build is platform dependent!
2017-11-08 11:09:41,053 [Worker-34] INFO  o.e.m.c.i.embedder.EclipseLogger - skip non existing resourceDirectory C:\Users\ibadet.ozdemir\workspaceproje\FazlaysaPaylas\src\main\resources
2017-11-08 11:09:41,053 [Worker-34] WARN  o.e.m.c.i.embedder.EclipseLogger - Using platform encoding (Cp1254 actually) to copy filtered resources, i.e. build is platform dependent!
2017-11-08 11:09:41,053 [Worker-34] INFO  o.e.m.c.i.embedder.EclipseLogger - skip non existing resourceDirectory C:\Users\ibadet.ozdemir\workspaceproje\FazlaysaPaylas\src\test\resources
2017-11-08 11:25:38,369 [Worker-38] WARN  o.e.m.c.i.embedder.EclipseLogger - Using platform encoding (Cp1254 actually) to copy filtered resources, i.e. build is platform dependent!
2017-11-08 11:25:38,369 [Worker-38] INFO  o.e.m.c.i.embedder.EclipseLogger - skip non existing resourceDirectory C:\Users\ibadet.ozdemir\workspaceproje\FazlaysaPaylas\src\main\resources
2017-11-08 11:25:38,369 [Worker-38] WARN  o.e.m.c.i.embedder.EclipseLogger - Using platform encoding (Cp1254 actually) to copy filtered resources, i.e. build is platform dependent!
2017-11-08 11:25:38,369 [Worker-38] INFO  o.e.m.c.i.embedder.EclipseLogger - skip non existing resourceDirectory C:\Users\ibadet.ozdemir\workspaceproje\FazlaysaPaylas\src\test\resources
2017-11-08 11:26:49,461 [Worker-42] WARN  o.e.m.c.i.embedder.EclipseLogger - Using platform encoding (Cp1254 actually) to copy filtered resources, i.e. build is platform dependent!
2017-11-08 11:26:49,461 [Worker-42] INFO  o.e.m.c.i.embedder.EclipseLogger - skip non existing resourceDirectory C:\Users\ibadet.ozdemir\workspaceproje\FazlaysaPaylas\src\main\resources
2017-11-08 11:26:49,461 [Worker-42] WARN  o.e.m.c.i.embedder.EclipseLogger - Using platform encoding (Cp1254 actually) to copy filtered resources, i.e. build is platform dependent!
2017-11-08 11:26:49,461 [Worker-42] INFO  o.e.m.c.i.embedder.EclipseLogger - skip non existing resourceDirectory C:\Users\ibadet.ozdemir\workspaceproje\FazlaysaPaylas\src\test\resources
2017-11-08 11:27:50,748 [Worker-42] WARN  o.e.m.c.i.embedder.EclipseLogger - Using platform encoding (Cp1254 actually) to copy filtered resources, i.e. build is platform dependent!
2017-11-08 11:27:50,748 [Worker-42] INFO  o.e.m.c.i.embedder.EclipseLogger - skip non existing resourceDirectory C:\Users\ibadet.ozdemir\workspaceproje\FazlaysaPaylas\src\main\resources
2017-11-08 11:27:50,748 [Worker-42] WARN  o.e.m.c.i.embedder.EclipseLogger - Using platform encoding (Cp1254 actually) to copy filtered resources, i.e. build is platform dependent!
2017-11-08 11:27:50,748 [Worker-42] INFO  o.e.m.c.i.embedder.EclipseLogger - skip non existing resourceDirectory C:\Users\ibadet.ozdemir\workspaceproje\FazlaysaPaylas\src\test\resources
2017-11-08 11:29:04,646 [Worker-40] WARN  o.e.m.c.i.embedder.EclipseLogger - Using platform encoding (Cp1254 actually) to copy filtered resources, i.e. build is platform dependent!
2017-11-08 11:29:04,646 [Worker-40] INFO  o.e.m.c.i.embedder.EclipseLogger - skip non existing resourceDirectory C:\Users\ibadet.ozdemir\workspaceproje\FazlaysaPaylas\src\main\resources
2017-11-08 11:29:04,656 [Worker-40] WARN  o.e.m.c.i.embedder.EclipseLogger - Using platform encoding (Cp1254 actually) to copy filtered resources, i.e. build is platform dependent!
2017-11-08 11:29:04,656 [Worker-40] INFO  o.e.m.c.i.embedder.EclipseLogger - skip non existing resourceDirectory C:\Users\ibadet.ozdemir\workspaceproje\FazlaysaPaylas\src\test\resources
2017-11-08 11:29:10,987 [Worker-42] WARN  o.e.m.c.i.embedder.EclipseLogger - Using platform encoding (Cp1254 actually) to copy filtered resources, i.e. build is platform dependent!
2017-11-08 11:29:10,987 [Worker-42] INFO  o.e.m.c.i.embedder.EclipseLogger - skip non existing resourceDirectory C:\Users\ibadet.ozdemir\workspaceproje\FazlaysaPaylas\src\main\resources
2017-11-08 11:29:10,987 [Worker-42] WARN  o.e.m.c.i.embedder.EclipseLogger - Using platform encoding (Cp1254 actually) to copy filtered resources, i.e. build is platform dependent!
2017-11-08 11:29:10,997 [Worker-42] INFO  o.e.m.c.i.embedder.EclipseLogger - skip non existing resourceDirectory C:\Users\ibadet.ozdemir\workspaceproje\FazlaysaPaylas\src\test\resources
2017-11-08 11:42:26,523 [Worker-44] WARN  o.e.m.c.i.embedder.EclipseLogger - Using platform encoding (Cp1254 actually) to copy filtered resources, i.e. build is platform dependent!
2017-11-08 11:42:26,523 [Worker-44] INFO  o.e.m.c.i.embedder.EclipseLogger - skip non existing resourceDirectory C:\Users\ibadet.ozdemir\workspaceproje\FazlaysaPaylas\src\main\resources
2017-11-08 11:42:26,523 [Worker-44] WARN  o.e.m.c.i.embedder.EclipseLogger - Using platform encoding (Cp1254 actually) to copy filtered resources, i.e. build is platform dependent!
2017-11-08 11:42:26,533 [Worker-44] INFO  o.e.m.c.i.embedder.EclipseLogger - skip non existing resourceDirectory C:\Users\ibadet.ozdemir\workspaceproje\FazlaysaPaylas\src\test\resources
2017-11-08 11:53:38,223 [Worker-52] WARN  o.e.m.c.i.embedder.EclipseLogger - Using platform encoding (Cp1254 actually) to copy filtered resources, i.e. build is platform dependent!
2017-11-08 11:53:38,233 [Worker-52] INFO  o.e.m.c.i.embedder.EclipseLogger - skip non existing resourceDirectory C:\Users\ibadet.ozdemir\workspaceproje\FazlaysaPaylas\src\main\resources
2017-11-08 11:53:38,233 [Worker-52] WARN  o.e.m.c.i.embedder.EclipseLogger - Using platform encoding (Cp1254 actually) to copy filtered resources, i.e. build is platform dependent!
2017-11-08 11:53:38,233 [Worker-52] INFO  o.e.m.c.i.embedder.EclipseLogger - skip non existing resourceDirectory C:\Users\ibadet.ozdemir\workspaceproje\FazlaysaPaylas\src\test\resources
2017-11-08 11:54:20,660 [Worker-58] WARN  o.e.m.c.i.embedder.EclipseLogger - Using platform encoding (Cp1254 actually) to copy filtered resources, i.e. build is platform dependent!
2017-11-08 11:54:20,660 [Worker-58] INFO  o.e.m.c.i.embedder.EclipseLogger - skip non existing resourceDirectory C:\Users\ibadet.ozdemir\workspaceproje\FazlaysaPaylas\src\main\resources
2017-11-08 11:54:20,660 [Worker-58] WARN  o.e.m.c.i.embedder.EclipseLogger - Using platform encoding (Cp1254 actually) to copy filtered resources, i.e. build is platform dependent!
2017-11-08 11:54:20,670 [Worker-58] INFO  o.e.m.c.i.embedder.EclipseLogger - skip non existing resourceDirectory C:\Users\ibadet.ozdemir\workspaceproje\FazlaysaPaylas\src\test\resources
2017-11-08 11:54:52,992 [Worker-54] WARN  o.e.m.c.i.embedder.EclipseLogger - Using platform encoding (Cp1254 actually) to copy filtered resources, i.e. build is platform dependent!
2017-11-08 11:54:52,992 [Worker-54] INFO  o.e.m.c.i.embedder.EclipseLogger - skip non existing resourceDirectory C:\Users\ibadet.ozdemir\workspaceproje\FazlaysaPaylas\src\main\resources
2017-11-08 11:54:52,992 [Worker-54] WARN  o.e.m.c.i.embedder.EclipseLogger - Using platform encoding (Cp1254 actually) to copy filtered resources, i.e. build is platform dependent!
2017-11-08 11:54:53,002 [Worker-54] INFO  o.e.m.c.i.embedder.EclipseLogger - skip non existing resourceDirectory C:\Users\ibadet.ozdemir\workspaceproje\FazlaysaPaylas\src\test\resources
2017-11-08 11:56:01,431 [Worker-54] WARN  o.e.m.c.i.embedder.EclipseLogger - Using platform encoding (Cp1254 actually) to copy filtered resources, i.e. build is platform dependent!
2017-11-08 11:56:01,431 [Worker-54] INFO  o.e.m.c.i.embedder.EclipseLogger - skip non existing resourceDirectory C:\Users\ibadet.ozdemir\workspaceproje\FazlaysaPaylas\src\main\resources
2017-11-08 11:56:01,431 [Worker-54] WARN  o.e.m.c.i.embedder.EclipseLogger - Using platform encoding (Cp1254 actually) to copy filtered resources, i.e. build is platform dependent!
2017-11-08 11:56:01,431 [Worker-54] INFO  o.e.m.c.i.embedder.EclipseLogger - skip non existing resourceDirectory C:\Users\ibadet.ozdemir\workspaceproje\FazlaysaPaylas\src\test\resources
2017-11-08 12:03:53,956 [Worker-63] WARN  o.e.m.c.i.embedder.EclipseLogger - Using platform encoding (Cp1254 actually) to copy filtered resources, i.e. build is platform dependent!
2017-11-08 12:03:53,956 [Worker-63] INFO  o.e.m.c.i.embedder.EclipseLogger - skip non existing resourceDirectory C:\Users\ibadet.ozdemir\workspaceproje\FazlaysaPaylas\src\main\resources
2017-11-08 12:03:53,956 [Worker-63] WARN  o.e.m.c.i.embedder.EclipseLogger - Using platform encoding (Cp1254 actually) to copy filtered resources, i.e. build is platform dependent!
2017-11-08 12:03:53,956 [Worker-63] INFO  o.e.m.c.i.embedder.EclipseLogger - skip non existing resourceDirectory C:\Users\ibadet.ozdemir\workspaceproje\FazlaysaPaylas\src\test\resources
2017-11-08 15:58:15,458 [Worker-116] INFO  o.e.m.c.i.l.LifecycleMappingFactory - Using org.maven.ide.eclipse.wtp.WarLifecycleMapping lifecycle mapping for MavenProject: FazlaysaPaylas:FazlaysaPaylas:0.0.1-SNAPSHOT @ C:\Users\ibadet.ozdemir\workspaceproje\fazlaysapaylas\pom.xml.
2017-11-08 15:58:22,614 [Worker-116] INFO  o.e.m.c.i.l.LifecycleMappingFactory - Using org.maven.ide.eclipse.wtp.WarLifecycleMapping lifecycle mapping for MavenProject: FazlaysaPaylas:FazlaysaPaylas:0.0.1-SNAPSHOT @ C:\Users\ibadet.ozdemir\workspaceproje\fazlaysapaylas\pom.xml.
2017-11-08 15:58:23,024 [Worker-127] WARN  o.e.m.c.i.embedder.EclipseLogger - Using platform encoding (Cp1254 actually) to copy filtered resources, i.e. build is platform dependent!
2017-11-08 15:58:23,054 [Worker-127] INFO  o.e.m.c.i.embedder.EclipseLogger - skip non existing resourceDirectory C:\Users\ibadet.ozdemir\workspaceproje\fazlaysapaylas\src\main\resources
2017-11-08 15:58:23,056 [Worker-127] WARN  o.e.m.c.i.embedder.EclipseLogger - Using platform encoding (Cp1254 actually) to copy filtered resources, i.e. build is platform dependent!
2017-11-08 15:58:23,057 [Worker-127] INFO  o.e.m.c.i.embedder.EclipseLogger - skip non existing resourceDirectory C:\Users\ibadet.ozdemir\workspaceproje\fazlaysapaylas\src\test\resources
2017-11-08 15:58:24,324 [Worker-130] WARN  o.e.m.c.i.embedder.EclipseLogger - Using platform encoding (Cp1254 actually) to copy filtered resources, i.e. build is platform dependent!
2017-11-08 15:58:24,328 [Worker-130] INFO  o.e.m.c.i.embedder.EclipseLogger - skip non existing resourceDirectory C:\Users\ibadet.ozdemir\workspaceproje\fazlaysapaylas\src\main\resources
2017-11-08 15:58:24,330 [Worker-130] WARN  o.e.m.c.i.embedder.EclipseLogger - Using platform encoding (Cp1254 actually) to copy filtered resources, i.e. build is platform dependent!
2017-11-08 15:58:24,332 [Worker-130] INFO  o.e.m.c.i.embedder.EclipseLogger - skip non existing resourceDirectory C:\Users\ibadet.ozdemir\workspaceproje\fazlaysapaylas\src\test\resources
2017-11-08 15:59:02,051 [Worker-123] WARN  o.e.m.c.i.embedder.EclipseLogger - Using platform encoding (Cp1254 actually) to copy filtered resources, i.e. build is platform dependent!
2017-11-08 15:59:02,053 [Worker-123] INFO  o.e.m.c.i.embedder.EclipseLogger - skip non existing resourceDirectory C:\Users\ibadet.ozdemir\workspaceproje\fazlaysapaylas\src\main\resources
2017-11-08 15:59:02,054 [Worker-123] WARN  o.e.m.c.i.embedder.EclipseLogger - Using platform encoding (Cp1254 actually) to copy filtered resources, i.e. build is platform dependent!
2017-11-08 15:59:02,055 [Worker-123] INFO  o.e.m.c.i.embedder.EclipseLogger - skip non existing resourceDirectory C:\Users\ibadet.ozdemir\workspaceproje\fazlaysapaylas\src\test\resources
2017-11-08 16:03:14,557 [Worker-129] WARN  o.e.m.c.i.embedder.EclipseLogger - Using platform encoding (Cp1254 actually) to copy filtered resources, i.e. build is platform dependent!
2017-11-08 16:03:14,559 [Worker-129] INFO  o.e.m.c.i.embedder.EclipseLogger - skip non existing resourceDirectory C:\Users\ibadet.ozdemir\workspaceproje\fazlaysapaylas\src\main\resources
2017-11-08 16:03:14,559 [Worker-129] WARN  o.e.m.c.i.embedder.EclipseLogger - Using platform encoding (Cp1254 actually) to copy filtered resources, i.e. build is platform dependent!
2017-11-08 16:03:14,560 [Worker-129] INFO  o.e.m.c.i.embedder.EclipseLogger - skip non existing resourceDirectory C:\Users\ibadet.ozdemir\workspaceproje\fazlaysapaylas\src\test\resources
2017-11-08 16:06:18,793 [Worker-131] WARN  o.e.m.c.i.embedder.EclipseLogger - Using platform encoding (Cp1254 actually) to copy filtered resources, i.e. build is platform dependent!
2017-11-08 16:06:18,794 [Worker-131] INFO  o.e.m.c.i.embedder.EclipseLogger - skip non existing resourceDirectory C:\Users\ibadet.ozdemir\workspaceproje\fazlaysapaylas\src\main\resources
2017-11-08 16:06:18,796 [Worker-131] WARN  o.e.m.c.i.embedder.EclipseLogger - Using platform encoding (Cp1254 actually) to copy filtered resources, i.e. build is platform dependent!
2017-11-08 16:06:18,797 [Worker-131] INFO  o.e.m.c.i.embedder.EclipseLogger - skip non existing resourceDirectory C:\Users\ibadet.ozdemir\workspaceproje\fazlaysapaylas\src\test\resources
2017-11-08 16:16:33,023 [Worker-141] WARN  o.e.m.c.i.embedder.EclipseLogger - Using platform encoding (Cp1254 actually) to copy filtered resources, i.e. build is platform dependent!
2017-11-08 16:16:33,024 [Worker-141] INFO  o.e.m.c.i.embedder.EclipseLogger - skip non existing resourceDirectory C:\Users\ibadet.ozdemir\workspaceproje\fazlaysapaylas\src\main\resources
2017-11-08 16:16:33,025 [Worker-141] WARN  o.e.m.c.i.embedder.EclipseLogger - Using platform encoding (Cp1254 actually) to copy filtered resources, i.e. build is platform dependent!
2017-11-08 16:16:33,025 [Worker-141] INFO  o.e.m.c.i.embedder.EclipseLogger - skip non existing resourceDirectory C:\Users\ibadet.ozdemir\workspaceproje\fazlaysapaylas\src\test\resources
2017-11-08 16:16:50,204 [Worker-134] WARN  o.e.m.c.i.embedder.EclipseLogger - Using platform encoding (Cp1254 actually) to copy filtered resources, i.e. build is platform dependent!
2017-11-08 16:16:50,206 [Worker-134] INFO  o.e.m.c.i.embedder.EclipseLogger - skip non existing resourceDirectory C:\Users\ibadet.ozdemir\workspaceproje\fazlaysapaylas\src\main\resources
2017-11-08 16:16:50,207 [Worker-134] WARN  o.e.m.c.i.embedder.EclipseLogger - Using platform encoding (Cp1254 actually) to copy filtered resources, i.e. build is platform dependent!
2017-11-08 16:16:50,208 [Worker-134] INFO  o.e.m.c.i.embedder.EclipseLogger - skip non existing resourceDirectory C:\Users\ibadet.ozdemir\workspaceproje\fazlaysapaylas\src\test\resources
2017-11-08 16:22:25,531 [Worker-147] WARN  o.e.m.c.i.embedder.EclipseLogger - Using platform encoding (Cp1254 actually) to copy filtered resources, i.e. build is platform dependent!
2017-11-08 16:22:25,532 [Worker-147] INFO  o.e.m.c.i.embedder.EclipseLogger - skip non existing resourceDirectory C:\Users\ibadet.ozdemir\workspaceproje\fazlaysapaylas\src\main\resources
2017-11-08 16:22:25,532 [Worker-147] WARN  o.e.m.c.i.embedder.EclipseLogger - Using platform encoding (Cp1254 actually) to copy filtered resources, i.e. build is platform dependent!
2017-11-08 16:22:25,533 [Worker-147] INFO  o.e.m.c.i.embedder.EclipseLogger - skip non existing resourceDirectory C:\Users\ibadet.ozdemir\workspaceproje\fazlaysapaylas\src\test\resources
2017-11-08 16:34:26,600 [Worker-154] WARN  o.e.m.c.i.embedder.EclipseLogger - Using platform encoding (Cp1254 actually) to copy filtered resources, i.e. build is platform dependent!
2017-11-08 16:34:26,603 [Worker-154] INFO  o.e.m.c.i.embedder.EclipseLogger - skip non existing resourceDirectory C:\Users\ibadet.ozdemir\workspaceproje\fazlaysapaylas\src\main\resources
2017-11-08 16:34:26,604 [Worker-154] WARN  o.e.m.c.i.embedder.EclipseLogger - Using platform encoding (Cp1254 actually) to copy filtered resources, i.e. build is platform dependent!
2017-11-08 16:34:26,605 [Worker-154] INFO  o.e.m.c.i.embedder.EclipseLogger - skip non existing resourceDirectory C:\Users\ibadet.ozdemir\workspaceproje\fazlaysapaylas\src\test\resources
2017-11-09 13:41:51,177 [Worker-9] WARN  o.e.m.c.i.embedder.EclipseLogger - Using platform encoding (Cp1254 actually) to copy filtered resources, i.e. build is platform dependent!
2017-11-09 13:41:51,192 [Worker-9] INFO  o.e.m.c.i.embedder.EclipseLogger - skip non existing resourceDirectory C:\Users\ibadet.ozdemir\workspaceproje\fazlaysapaylas\src\main\resources
2017-11-09 13:41:51,193 [Worker-9] WARN  o.e.m.c.i.embedder.EclipseLogger - Using platform encoding (Cp1254 actually) to copy filtered resources, i.e. build is platform dependent!
2017-11-09 13:41:51,194 [Worker-9] INFO  o.e.m.c.i.embedder.EclipseLogger - skip non existing resourceDirectory C:\Users\ibadet.ozdemir\workspaceproje\fazlaysapaylas\src\test\resources
2017-11-09 13:43:31,502 [Worker-10] WARN  o.e.m.c.i.embedder.EclipseLogger - Using platform encoding (Cp1254 actually) to copy filtered resources, i.e. build is platform dependent!
2017-11-09 13:43:31,504 [Worker-10] INFO  o.e.m.c.i.embedder.EclipseLogger - skip non existing resourceDirectory C:\Users\ibadet.ozdemir\workspaceproje\fazlaysapaylas\src\main\resources
2017-11-09 13:43:31,506 [Worker-10] WARN  o.e.m.c.i.embedder.EclipseLogger - Using platform encoding (Cp1254 actually) to copy filtered resources, i.e. build is platform dependent!
2017-11-09 13:43:31,507 [Worker-10] INFO  o.e.m.c.i.embedder.EclipseLogger - skip non existing resourceDirectory C:\Users\ibadet.ozdemir\workspaceproje\fazlaysapaylas\src\test\resources
2017-11-09 13:53:53,038 [Worker-7] WARN  o.e.m.c.i.embedder.EclipseLogger - Using platform encoding (Cp1254 actually) to copy filtered resources, i.e. build is platform dependent!
2017-11-09 13:53:53,040 [Worker-7] INFO  o.e.m.c.i.embedder.EclipseLogger - skip non existing resourceDirectory C:\Users\ibadet.ozdemir\workspaceproje\fazlaysapaylas\src\main\resources
2017-11-09 13:53:53,043 [Worker-7] WARN  o.e.m.c.i.embedder.EclipseLogger - Using platform encoding (Cp1254 actually) to copy filtered resources, i.e. build is platform dependent!
2017-11-09 13:53:53,044 [Worker-7] INFO  o.e.m.c.i.embedder.EclipseLogger - skip non existing resourceDirectory C:\Users\ibadet.ozdemir\workspaceproje\fazlaysapaylas\src\test\resources
2017-11-09 14:19:34,882 [Worker-19] WARN  o.e.m.c.i.embedder.EclipseLogger - Using platform encoding (Cp1254 actually) to copy filtered resources, i.e. build is platform dependent!
2017-11-09 14:19:34,883 [Worker-19] INFO  o.e.m.c.i.embedder.EclipseLogger - skip non existing resourceDirectory C:\Users\ibadet.ozdemir\workspaceproje\fazlaysapaylas\src\main\resources
2017-11-09 14:19:34,884 [Worker-19] WARN  o.e.m.c.i.embedder.EclipseLogger - Using platform encoding (Cp1254 actually) to copy filtered resources, i.e. build is platform dependent!
2017-11-09 14:19:34,885 [Worker-19] INFO  o.e.m.c.i.embedder.EclipseLogger - skip non existing resourceDirectory C:\Users\ibadet.ozdemir\workspaceproje\fazlaysapaylas\src\test\resources
2017-11-09 14:35:33,966 [Worker-28] WARN  o.e.m.c.i.embedder.EclipseLogger - Using platform encoding (Cp1254 actually) to copy filtered resources, i.e. build is platform dependent!
2017-11-09 14:35:33,971 [Worker-28] INFO  o.e.m.c.i.embedder.EclipseLogger - skip non existing resourceDirectory C:\Users\ibadet.ozdemir\workspaceproje\fazlaysapaylas\src\main\resources
2017-11-09 14:35:33,973 [Worker-28] WARN  o.e.m.c.i.embedder.EclipseLogger - Using platform encoding (Cp1254 actually) to copy filtered resources, i.e. build is platform dependent!
2017-11-09 14:35:33,974 [Worker-28] INFO  o.e.m.c.i.embedder.EclipseLogger - skip non existing resourceDirectory C:\Users\ibadet.ozdemir\workspaceproje\fazlaysapaylas\src\test\resources
2017-11-09 14:40:03,443 [Worker-29] WARN  o.e.m.c.i.embedder.EclipseLogger - Using platform encoding (Cp1254 actually) to copy filtered resources, i.e. build is platform dependent!
2017-11-09 14:40:03,445 [Worker-29] INFO  o.e.m.c.i.embedder.EclipseLogger - skip non existing resourceDirectory C:\Users\ibadet.ozdemir\workspaceproje\fazlaysapaylas\src\main\resources
2017-11-09 14:40:03,446 [Worker-29] WARN  o.e.m.c.i.embedder.EclipseLogger - Using platform encoding (Cp1254 actually) to copy filtered resources, i.e. build is platform dependent!
2017-11-09 14:40:03,448 [Worker-29] INFO  o.e.m.c.i.embedder.EclipseLogger - skip non existing resourceDirectory C:\Users\ibadet.ozdemir\workspaceproje\fazlaysapaylas\src\test\resources
2017-11-09 15:09:12,523 [Worker-40] WARN  o.e.m.c.i.embedder.EclipseLogger - Using platform encoding (Cp1254 actually) to copy filtered resources, i.e. build is platform dependent!
2017-11-09 15:09:12,525 [Worker-40] INFO  o.e.m.c.i.embedder.EclipseLogger - skip non existing resourceDirectory C:\Users\ibadet.ozdemir\workspaceproje\fazlaysapaylas\src\main\resources
2017-11-09 15:09:12,526 [Worker-40] WARN  o.e.m.c.i.embedder.EclipseLogger - Using platform encoding (Cp1254 actually) to copy filtered resources, i.e. build is platform dependent!
2017-11-09 15:09:12,526 [Worker-40] INFO  o.e.m.c.i.embedder.EclipseLogger - skip non existing resourceDirectory C:\Users\ibadet.ozdemir\workspaceproje\fazlaysapaylas\src\test\resources
2017-11-09 15:15:09,256 [Worker-43] WARN  o.e.m.c.i.embedder.EclipseLogger - Using platform encoding (Cp1254 actually) to copy filtered resources, i.e. build is platform dependent!
2017-11-09 15:15:09,258 [Worker-43] INFO  o.e.m.c.i.embedder.EclipseLogger - skip non existing resourceDirectory C:\Users\ibadet.ozdemir\workspaceproje\fazlaysapaylas\src\main\resources
2017-11-09 15:15:09,260 [Worker-43] WARN  o.e.m.c.i.embedder.EclipseLogger - Using platform encoding (Cp1254 actually) to copy filtered resources, i.e. build is platform dependent!
2017-11-09 15:15:09,261 [Worker-43] INFO  o.e.m.c.i.embedder.EclipseLogger - skip non existing resourceDirectory C:\Users\ibadet.ozdemir\workspaceproje\fazlaysapaylas\src\test\resources
2017-11-09 15:16:12,670 [Worker-40] WARN  o.e.m.c.i.embedder.EclipseLogger - Using platform encoding (Cp1254 actually) to copy filtered resources, i.e. build is platform dependent!
2017-11-09 15:16:12,674 [Worker-40] INFO  o.e.m.c.i.embedder.EclipseLogger - skip non existing resourceDirectory C:\Users\ibadet.ozdemir\workspaceproje\fazlaysapaylas\src\main\resources
2017-11-09 15:16:12,675 [Worker-40] WARN  o.e.m.c.i.embedder.EclipseLogger - Using platform encoding (Cp1254 actually) to copy filtered resources, i.e. build is platform dependent!
2017-11-09 15:16:12,677 [Worker-40] INFO  o.e.m.c.i.embedder.EclipseLogger - skip non existing resourceDirectory C:\Users\ibadet.ozdemir\workspaceproje\fazlaysapaylas\src\test\resources
2017-11-09 15:16:48,277 [Worker-42] WARN  o.e.m.c.i.embedder.EclipseLogger - Using platform encoding (Cp1254 actually) to copy filtered resources, i.e. build is platform dependent!
2017-11-09 15:16:48,278 [Worker-42] INFO  o.e.m.c.i.embedder.EclipseLogger - skip non existing resourceDirectory C:\Users\ibadet.ozdemir\workspaceproje\fazlaysapaylas\src\main\resources
2017-11-09 15:16:48,279 [Worker-42] WARN  o.e.m.c.i.embedder.EclipseLogger - Using platform encoding (Cp1254 actually) to copy filtered resources, i.e. build is platform dependent!
2017-11-09 15:16:48,280 [Worker-42] INFO  o.e.m.c.i.embedder.EclipseLogger - skip non existing resourceDirectory C:\Users\ibadet.ozdemir\workspaceproje\fazlaysapaylas\src\test\resources
2017-11-09 15:17:04,456 [Worker-45] WARN  o.e.m.c.i.embedder.EclipseLogger - Using platform encoding (Cp1254 actually) to copy filtered resources, i.e. build is platform dependent!
2017-11-09 15:17:04,457 [Worker-45] INFO  o.e.m.c.i.embedder.EclipseLogger - skip non existing resourceDirectory C:\Users\ibadet.ozdemir\workspaceproje\fazlaysapaylas\src\main\resources
2017-11-09 15:17:04,459 [Worker-45] WARN  o.e.m.c.i.embedder.EclipseLogger - Using platform encoding (Cp1254 actually) to copy filtered resources, i.e. build is platform dependent!
2017-11-09 15:17:04,460 [Worker-45] INFO  o.e.m.c.i.embedder.EclipseLogger - skip non existing resourceDirectory C:\Users\ibadet.ozdemir\workspaceproje\fazlaysapaylas\src\test\resources
2017-11-09 15:17:25,576 [Worker-40] WARN  o.e.m.c.i.embedder.EclipseLogger - Using platform encoding (Cp1254 actually) to copy filtered resources, i.e. build is platform dependent!
2017-11-09 15:17:25,577 [Worker-40] INFO  o.e.m.c.i.embedder.EclipseLogger - skip non existing resourceDirectory C:\Users\ibadet.ozdemir\workspaceproje\fazlaysapaylas\src\main\resources
2017-11-09 15:17:25,578 [Worker-40] WARN  o.e.m.c.i.embedder.EclipseLogger - Using platform encoding (Cp1254 actually) to copy filtered resources, i.e. build is platform dependent!
2017-11-09 15:17:25,580 [Worker-40] INFO  o.e.m.c.i.embedder.EclipseLogger - skip non existing resourceDirectory C:\Users\ibadet.ozdemir\workspaceproje\fazlaysapaylas\src\test\resources
2017-11-09 15:19:26,756 [Worker-45] WARN  o.e.m.c.i.embedder.EclipseLogger - Using platform encoding (Cp1254 actually) to copy filtered resources, i.e. build is platform dependent!
2017-11-09 15:19:26,757 [Worker-45] INFO  o.e.m.c.i.embedder.EclipseLogger - skip non existing resourceDirectory C:\Users\ibadet.ozdemir\workspaceproje\fazlaysapaylas\src\main\resources
2017-11-09 15:19:26,758 [Worker-45] WARN  o.e.m.c.i.embedder.EclipseLogger - Using platform encoding (Cp1254 actually) to copy filtered resources, i.e. build is platform dependent!
2017-11-09 15:19:26,759 [Worker-45] INFO  o.e.m.c.i.embedder.EclipseLogger - skip non existing resourceDirectory C:\Users\ibadet.ozdemir\workspaceproje\fazlaysapaylas\src\test\resources
2017-11-09 15:32:21,759 [Worker-47] WARN  o.e.m.c.i.embedder.EclipseLogger - Using platform encoding (Cp1254 actually) to copy filtered resources, i.e. build is platform dependent!
2017-11-09 15:32:21,762 [Worker-47] INFO  o.e.m.c.i.embedder.EclipseLogger - skip non existing resourceDirectory C:\Users\ibadet.ozdemir\workspaceproje\fazlaysapaylas\src\main\resources
2017-11-09 15:32:21,764 [Worker-47] WARN  o.e.m.c.i.embedder.EclipseLogger - Using platform encoding (Cp1254 actually) to copy filtered resources, i.e. build is platform dependent!
2017-11-09 15:32:21,769 [Worker-47] INFO  o.e.m.c.i.embedder.EclipseLogger - skip non existing resourceDirectory C:\Users\ibadet.ozdemir\workspaceproje\fazlaysapaylas\src\test\resources
2017-11-09 15:33:22,963 [Worker-47] WARN  o.e.m.c.i.embedder.EclipseLogger - Using platform encoding (Cp1254 actually) to copy filtered resources, i.e. build is platform dependent!
2017-11-09 15:33:22,964 [Worker-47] INFO  o.e.m.c.i.embedder.EclipseLogger - skip non existing resourceDirectory C:\Users\ibadet.ozdemir\workspaceproje\fazlaysapaylas\src\main\resources
2017-11-09 15:33:22,965 [Worker-47] WARN  o.e.m.c.i.embedder.EclipseLogger - Using platform encoding (Cp1254 actually) to copy filtered resources, i.e. build is platform dependent!
2017-11-09 15:33:22,967 [Worker-47] INFO  o.e.m.c.i.embedder.EclipseLogger - skip non existing resourceDirectory C:\Users\ibadet.ozdemir\workspaceproje\fazlaysapaylas\src\test\resources
2017-11-09 15:58:06,745 [Worker-64] WARN  o.e.m.c.i.embedder.EclipseLogger - Using platform encoding (Cp1254 actually) to copy filtered resources, i.e. build is platform dependent!
2017-11-09 15:58:06,746 [Worker-64] INFO  o.e.m.c.i.embedder.EclipseLogger - skip non existing resourceDirectory C:\Users\ibadet.ozdemir\workspaceproje\fazlaysapaylas\src\main\resources
2017-11-09 15:58:06,748 [Worker-64] WARN  o.e.m.c.i.embedder.EclipseLogger - Using platform encoding (Cp1254 actually) to copy filtered resources, i.e. build is platform dependent!
2017-11-09 15:58:06,748 [Worker-64] INFO  o.e.m.c.i.embedder.EclipseLogger - skip non existing resourceDirectory C:\Users\ibadet.ozdemir\workspaceproje\fazlaysapaylas\src\test\resources
2017-11-09 16:02:09,837 [Worker-47] WARN  o.e.m.c.i.embedder.EclipseLogger - Using platform encoding (Cp1254 actually) to copy filtered resources, i.e. build is platform dependent!
2017-11-09 16:02:09,838 [Worker-47] INFO  o.e.m.c.i.embedder.EclipseLogger - skip non existing resourceDirectory C:\Users\ibadet.ozdemir\workspaceproje\fazlaysapaylas\src\main\resources
2017-11-09 16:02:09,839 [Worker-47] WARN  o.e.m.c.i.embedder.EclipseLogger - Using platform encoding (Cp1254 actually) to copy filtered resources, i.e. build is platform dependent!
2017-11-09 16:02:09,840 [Worker-47] INFO  o.e.m.c.i.embedder.EclipseLogger - skip non existing resourceDirectory C:\Users\ibadet.ozdemir\workspaceproje\fazlaysapaylas\src\test\resources
2017-11-09 16:02:37,133 [Worker-47] WARN  o.e.m.c.i.embedder.EclipseLogger - Using platform encoding (Cp1254 actually) to copy filtered resources, i.e. build is platform dependent!
2017-11-09 16:02:37,134 [Worker-47] INFO  o.e.m.c.i.embedder.EclipseLogger - skip non existing resourceDirectory C:\Users\ibadet.ozdemir\workspaceproje\fazlaysapaylas\src\main\resources
2017-11-09 16:02:37,136 [Worker-47] WARN  o.e.m.c.i.embedder.EclipseLogger - Using platform encoding (Cp1254 actually) to copy filtered resources, i.e. build is platform dependent!
2017-11-09 16:02:37,138 [Worker-47] INFO  o.e.m.c.i.embedder.EclipseLogger - skip non existing resourceDirectory C:\Users\ibadet.ozdemir\workspaceproje\fazlaysapaylas\src\test\resources
2017-11-09 16:15:58,068 [Worker-72] WARN  o.e.m.c.i.embedder.EclipseLogger - Using platform encoding (Cp1254 actually) to copy filtered resources, i.e. build is platform dependent!
2017-11-09 16:15:58,070 [Worker-72] INFO  o.e.m.c.i.embedder.EclipseLogger - skip non existing resourceDirectory C:\Users\ibadet.ozdemir\workspaceproje\fazlaysapaylas\src\main\resources
2017-11-09 16:15:58,072 [Worker-72] WARN  o.e.m.c.i.embedder.EclipseLogger - Using platform encoding (Cp1254 actually) to copy filtered resources, i.e. build is platform dependent!
2017-11-09 16:15:58,073 [Worker-72] INFO  o.e.m.c.i.embedder.EclipseLogger - skip non existing resourceDirectory C:\Users\ibadet.ozdemir\workspaceproje\fazlaysapaylas\src\test\resources
2017-11-09 16:29:26,053 [Worker-72] WARN  o.e.m.c.i.embedder.EclipseLogger - Using platform encoding (Cp1254 actually) to copy filtered resources, i.e. build is platform dependent!
2017-11-09 16:29:26,054 [Worker-72] INFO  o.e.m.c.i.embedder.EclipseLogger - skip non existing resourceDirectory C:\Users\ibadet.ozdemir\workspaceproje\fazlaysapaylas\src\main\resources
2017-11-09 16:29:26,055 [Worker-72] WARN  o.e.m.c.i.embedder.EclipseLogger - Using platform encoding (Cp1254 actually) to copy filtered resources, i.e. build is platform dependent!
2017-11-09 16:29:26,055 [Worker-72] INFO  o.e.m.c.i.embedder.EclipseLogger - skip non existing resourceDirectory C:\Users\ibadet.ozdemir\workspaceproje\fazlaysapaylas\src\test\resources
2017-11-09 16:31:38,197 [Worker-80] WARN  o.e.m.c.i.embedder.EclipseLogger - Using platform encoding (Cp1254 actually) to copy filtered resources, i.e. build is platform dependent!
2017-11-09 16:31:38,198 [Worker-80] INFO  o.e.m.c.i.embedder.EclipseLogger - skip non existing resourceDirectory C:\Users\ibadet.ozdemir\workspaceproje\fazlaysapaylas\src\main\resources
2017-11-09 16:31:38,198 [Worker-80] WARN  o.e.m.c.i.embedder.EclipseLogger - Using platform encoding (Cp1254 actually) to copy filtered resources, i.e. build is platform dependent!
2017-11-09 16:31:38,199 [Worker-80] INFO  o.e.m.c.i.embedder.EclipseLogger - skip non existing resourceDirectory C:\Users\ibadet.ozdemir\workspaceproje\fazlaysapaylas\src\test\resources
2017-11-09 16:33:07,556 [Worker-81] WARN  o.e.m.c.i.embedder.EclipseLogger - Using platform encoding (Cp1254 actually) to copy filtered resources, i.e. build is platform dependent!
2017-11-09 16:33:07,557 [Worker-81] INFO  o.e.m.c.i.embedder.EclipseLogger - skip non existing resourceDirectory C:\Users\ibadet.ozdemir\workspaceproje\fazlaysapaylas\src\main\resources
2017-11-09 16:33:07,559 [Worker-81] WARN  o.e.m.c.i.embedder.EclipseLogger - Using platform encoding (Cp1254 actually) to copy filtered resources, i.e. build is platform dependent!
2017-11-09 16:33:07,559 [Worker-81] INFO  o.e.m.c.i.embedder.EclipseLogger - skip non existing resourceDirectory C:\Users\ibadet.ozdemir\workspaceproje\fazlaysapaylas\src\test\resources
2017-11-09 16:33:56,819 [Worker-80] WARN  o.e.m.c.i.embedder.EclipseLogger - Using platform encoding (Cp1254 actually) to copy filtered resources, i.e. build is platform dependent!
2017-11-09 16:33:56,820 [Worker-80] INFO  o.e.m.c.i.embedder.EclipseLogger - skip non existing resourceDirectory C:\Users\ibadet.ozdemir\workspaceproje\fazlaysapaylas\src\main\resources
2017-11-09 16:33:56,821 [Worker-80] WARN  o.e.m.c.i.embedder.EclipseLogger - Using platform encoding (Cp1254 actually) to copy filtered resources, i.e. build is platform dependent!
2017-11-09 16:33:56,821 [Worker-80] INFO  o.e.m.c.i.embedder.EclipseLogger - skip non existing resourceDirectory C:\Users\ibadet.ozdemir\workspaceproje\fazlaysapaylas\src\test\resources
2017-11-09 16:34:32,286 [Worker-76] WARN  o.e.m.c.i.embedder.EclipseLogger - Using platform encoding (Cp1254 actually) to copy filtered resources, i.e. build is platform dependent!
2017-11-09 16:34:32,288 [Worker-76] INFO  o.e.m.c.i.embedder.EclipseLogger - skip non existing resourceDirectory C:\Users\ibadet.ozdemir\workspaceproje\fazlaysapaylas\src\main\resources
2017-11-09 16:34:32,291 [Worker-76] WARN  o.e.m.c.i.embedder.EclipseLogger - Using platform encoding (Cp1254 actually) to copy filtered resources, i.e. build is platform dependent!
2017-11-09 16:34:32,292 [Worker-76] INFO  o.e.m.c.i.embedder.EclipseLogger - skip non existing resourceDirectory C:\Users\ibadet.ozdemir\workspaceproje\fazlaysapaylas\src\test\resources
2017-11-09 16:36:00,168 [Worker-76] WARN  o.e.m.c.i.embedder.EclipseLogger - Using platform encoding (Cp1254 actually) to copy filtered resources, i.e. build is platform dependent!
2017-11-09 16:36:00,169 [Worker-76] INFO  o.e.m.c.i.embedder.EclipseLogger - skip non existing resourceDirectory C:\Users\ibadet.ozdemir\workspaceproje\fazlaysapaylas\src\main\resources
2017-11-09 16:36:00,170 [Worker-76] WARN  o.e.m.c.i.embedder.EclipseLogger - Using platform encoding (Cp1254 actually) to copy filtered resources, i.e. build is platform dependent!
2017-11-09 16:36:00,172 [Worker-76] INFO  o.e.m.c.i.embedder.EclipseLogger - skip non existing resourceDirectory C:\Users\ibadet.ozdemir\workspaceproje\fazlaysapaylas\src\test\resources
2017-11-09 16:38:34,793 [Worker-84] WARN  o.e.m.c.i.embedder.EclipseLogger - Using platform encoding (Cp1254 actually) to copy filtered resources, i.e. build is platform dependent!
2017-11-09 16:38:34,794 [Worker-84] INFO  o.e.m.c.i.embedder.EclipseLogger - skip non existing resourceDirectory C:\Users\ibadet.ozdemir\workspaceproje\fazlaysapaylas\src\main\resources
2017-11-09 16:38:34,794 [Worker-84] WARN  o.e.m.c.i.embedder.EclipseLogger - Using platform encoding (Cp1254 actually) to copy filtered resources, i.e. build is platform dependent!
2017-11-09 16:38:34,795 [Worker-84] INFO  o.e.m.c.i.embedder.EclipseLogger - skip non existing resourceDirectory C:\Users\ibadet.ozdemir\workspaceproje\fazlaysapaylas\src\test\resources
2017-11-09 16:38:45,808 [Worker-83] WARN  o.e.m.c.i.embedder.EclipseLogger - Using platform encoding (Cp1254 actually) to copy filtered resources, i.e. build is platform dependent!
2017-11-09 16:38:45,811 [Worker-83] INFO  o.e.m.c.i.embedder.EclipseLogger - skip non existing resourceDirectory C:\Users\ibadet.ozdemir\workspaceproje\fazlaysapaylas\src\main\resources
2017-11-09 16:38:45,813 [Worker-83] WARN  o.e.m.c.i.embedder.EclipseLogger - Using platform encoding (Cp1254 actually) to copy filtered resources, i.e. build is platform dependent!
2017-11-09 16:38:45,816 [Worker-83] INFO  o.e.m.c.i.embedder.EclipseLogger - skip non existing resourceDirectory C:\Users\ibadet.ozdemir\workspaceproje\fazlaysapaylas\src\test\resources
2017-11-09 16:39:28,021 [Worker-86] WARN  o.e.m.c.i.embedder.EclipseLogger - Using platform encoding (Cp1254 actually) to copy filtered resources, i.e. build is platform dependent!
2017-11-09 16:39:28,022 [Worker-86] INFO  o.e.m.c.i.embedder.EclipseLogger - skip non existing resourceDirectory C:\Users\ibadet.ozdemir\workspaceproje\fazlaysapaylas\src\main\resources
2017-11-09 16:39:28,023 [Worker-86] WARN  o.e.m.c.i.embedder.EclipseLogger - Using platform encoding (Cp1254 actually) to copy filtered resources, i.e. build is platform dependent!
2017-11-09 16:39:28,024 [Worker-86] INFO  o.e.m.c.i.embedder.EclipseLogger - skip non existing resourceDirectory C:\Users\ibadet.ozdemir\workspaceproje\fazlaysapaylas\src\test\resources
2017-11-09 16:39:49,231 [Worker-85] WARN  o.e.m.c.i.embedder.EclipseLogger - Using platform encoding (Cp1254 actually) to copy filtered resources, i.e. build is platform dependent!
2017-11-09 16:39:49,232 [Worker-85] INFO  o.e.m.c.i.embedder.EclipseLogger - skip non existing resourceDirectory C:\Users\ibadet.ozdemir\workspaceproje\fazlaysapaylas\src\main\resources
2017-11-09 16:39:49,233 [Worker-85] WARN  o.e.m.c.i.embedder.EclipseLogger - Using platform encoding (Cp1254 actually) to copy filtered resources, i.e. build is platform dependent!
2017-11-09 16:39:49,236 [Worker-85] INFO  o.e.m.c.i.embedder.EclipseLogger - skip non existing resourceDirectory C:\Users\ibadet.ozdemir\workspaceproje\fazlaysapaylas\src\test\resources
2017-11-09 16:39:54,957 [Worker-87] WARN  o.e.m.c.i.embedder.EclipseLogger - Using platform encoding (Cp1254 actually) to copy filtered resources, i.e. build is platform dependent!
2017-11-09 16:39:54,958 [Worker-87] INFO  o.e.m.c.i.embedder.EclipseLogger - skip non existing resourceDirectory C:\Users\ibadet.ozdemir\workspaceproje\fazlaysapaylas\src\main\resources
2017-11-09 16:39:54,959 [Worker-87] WARN  o.e.m.c.i.embedder.EclipseLogger - Using platform encoding (Cp1254 actually) to copy filtered resources, i.e. build is platform dependent!
2017-11-09 16:39:54,960 [Worker-87] INFO  o.e.m.c.i.embedder.EclipseLogger - skip non existing resourceDirectory C:\Users\ibadet.ozdemir\workspaceproje\fazlaysapaylas\src\test\resources
2017-11-09 16:40:01,052 [Worker-85] WARN  o.e.m.c.i.embedder.EclipseLogger - Using platform encoding (Cp1254 actually) to copy filtered resources, i.e. build is platform dependent!
2017-11-09 16:40:01,053 [Worker-85] INFO  o.e.m.c.i.embedder.EclipseLogger - skip non existing resourceDirectory C:\Users\ibadet.ozdemir\workspaceproje\fazlaysapaylas\src\main\resources
2017-11-09 16:40:01,054 [Worker-85] WARN  o.e.m.c.i.embedder.EclipseLogger - Using platform encoding (Cp1254 actually) to copy filtered resources, i.e. build is platform dependent!
2017-11-09 16:40:01,055 [Worker-85] INFO  o.e.m.c.i.embedder.EclipseLogger - skip non existing resourceDirectory C:\Users\ibadet.ozdemir\workspaceproje\fazlaysapaylas\src\test\resources
2017-11-09 16:40:16,283 [Worker-84] WARN  o.e.m.c.i.embedder.EclipseLogger - Using platform encoding (Cp1254 actually) to copy filtered resources, i.e. build is platform dependent!
2017-11-09 16:40:16,285 [Worker-84] INFO  o.e.m.c.i.embedder.EclipseLogger - skip non existing resourceDirectory C:\Users\ibadet.ozdemir\workspaceproje\fazlaysapaylas\src\main\resources
2017-11-09 16:40:16,286 [Worker-84] WARN  o.e.m.c.i.embedder.EclipseLogger - Using platform encoding (Cp1254 actually) to copy filtered resources, i.e. build is platform dependent!
2017-11-09 16:40:16,287 [Worker-84] INFO  o.e.m.c.i.embedder.EclipseLogger - skip non existing resourceDirectory C:\Users\ibadet.ozdemir\workspaceproje\fazlaysapaylas\src\test\resources
2017-11-09 16:41:06,152 [Worker-85] WARN  o.e.m.c.i.embedder.EclipseLogger - Using platform encoding (Cp1254 actually) to copy filtered resources, i.e. build is platform dependent!
2017-11-09 16:41:06,153 [Worker-85] INFO  o.e.m.c.i.embedder.EclipseLogger - skip non existing resourceDirectory C:\Users\ibadet.ozdemir\workspaceproje\fazlaysapaylas\src\main\resources
2017-11-09 16:41:06,154 [Worker-85] WARN  o.e.m.c.i.embedder.EclipseLogger - Using platform encoding (Cp1254 actually) to copy filtered resources, i.e. build is platform dependent!
2017-11-09 16:41:06,154 [Worker-85] INFO  o.e.m.c.i.embedder.EclipseLogger - skip non existing resourceDirectory C:\Users\ibadet.ozdemir\workspaceproje\fazlaysapaylas\src\test\resources
2017-11-09 16:41:42,250 [Worker-81] WARN  o.e.m.c.i.embedder.EclipseLogger - Using platform encoding (Cp1254 actually) to copy filtered resources, i.e. build is platform dependent!
2017-11-09 16:41:42,251 [Worker-81] INFO  o.e.m.c.i.embedder.EclipseLogger - skip non existing resourceDirectory C:\Users\ibadet.ozdemir\workspaceproje\fazlaysapaylas\src\main\resources
2017-11-09 16:41:42,251 [Worker-81] WARN  o.e.m.c.i.embedder.EclipseLogger - Using platform encoding (Cp1254 actually) to copy filtered resources, i.e. build is platform dependent!
2017-11-09 16:41:42,252 [Worker-81] INFO  o.e.m.c.i.embedder.EclipseLogger - skip non existing resourceDirectory C:\Users\ibadet.ozdemir\workspaceproje\fazlaysapaylas\src\test\resources
2017-11-09 16:43:13,074 [Worker-87] WARN  o.e.m.c.i.embedder.EclipseLogger - Using platform encoding (Cp1254 actually) to copy filtered resources, i.e. build is platform dependent!
2017-11-09 16:43:13,076 [Worker-87] INFO  o.e.m.c.i.embedder.EclipseLogger - skip non existing resourceDirectory C:\Users\ibadet.ozdemir\workspaceproje\fazlaysapaylas\src\main\resources
2017-11-09 16:43:13,077 [Worker-87] WARN  o.e.m.c.i.embedder.EclipseLogger - Using platform encoding (Cp1254 actually) to copy filtered resources, i.e. build is platform dependent!
2017-11-09 16:43:13,080 [Worker-87] INFO  o.e.m.c.i.embedder.EclipseLogger - skip non existing resourceDirectory C:\Users\ibadet.ozdemir\workspaceproje\fazlaysapaylas\src\test\resources
2017-11-09 16:44:25,740 [Worker-84] WARN  o.e.m.c.i.embedder.EclipseLogger - Using platform encoding (Cp1254 actually) to copy filtered resources, i.e. build is platform dependent!
2017-11-09 16:44:25,741 [Worker-84] INFO  o.e.m.c.i.embedder.EclipseLogger - skip non existing resourceDirectory C:\Users\ibadet.ozdemir\workspaceproje\fazlaysapaylas\src\main\resources
2017-11-09 16:44:25,741 [Worker-84] WARN  o.e.m.c.i.embedder.EclipseLogger - Using platform encoding (Cp1254 actually) to copy filtered resources, i.e. build is platform dependent!
2017-11-09 16:44:25,742 [Worker-84] INFO  o.e.m.c.i.embedder.EclipseLogger - skip non existing resourceDirectory C:\Users\ibadet.ozdemir\workspaceproje\fazlaysapaylas\src\test\resources
2017-11-09 16:51:54,081 [Worker-81] INFO  o.e.m.c.i.l.LifecycleMappingFactory - Using org.maven.ide.eclipse.wtp.WarLifecycleMapping lifecycle mapping for MavenProject: FazlaysaPaylas:FazlaysaPaylas:0.0.1-SNAPSHOT @ C:\Users\ibadet.ozdemir\workspaceproje\fazlaysapaylas\pom.xml.
2017-11-09 16:51:55,628 [Worker-81] WARN  o.e.m.c.i.embedder.EclipseLogger - Using platform encoding (Cp1254 actually) to copy filtered resources, i.e. build is platform dependent!
2017-11-09 16:51:55,629 [Worker-81] INFO  o.e.m.c.i.embedder.EclipseLogger - skip non existing resourceDirectory C:\Users\ibadet.ozdemir\workspaceproje\fazlaysapaylas\src\main\resources
2017-11-09 16:51:55,630 [Worker-81] WARN  o.e.m.c.i.embedder.EclipseLogger - Using platform encoding (Cp1254 actually) to copy filtered resources, i.e. build is platform dependent!
2017-11-09 16:51:55,632 [Worker-81] INFO  o.e.m.c.i.embedder.EclipseLogger - skip non existing resourceDirectory C:\Users\ibadet.ozdemir\workspaceproje\fazlaysapaylas\src\test\resources
2017-11-09 16:51:55,632 [Worker-81] INFO  o.e.m.w.i.f.ResourceFilteringBuildParticipant - Changed resources require a complete clean of filtered resources of fazlaysapaylas
2017-11-09 16:51:55,633 [Worker-81] INFO  o.e.m.w.i.f.ResourceFilteringBuildParticipant - Executing resource filtering for fazlaysapaylas
2017-11-09 16:51:55,716 [Worker-81] WARN  o.e.m.c.i.embedder.EclipseLogger - Using platform encoding (Cp1254 actually) to copy filtered resources, i.e. build is platform dependent!
2017-11-09 16:51:57,411 [Worker-72] WARN  o.e.m.c.i.embedder.EclipseLogger - Using platform encoding (Cp1254 actually) to copy filtered resources, i.e. build is platform dependent!
2017-11-09 16:51:57,413 [Worker-72] INFO  o.e.m.c.i.embedder.EclipseLogger - skip non existing resourceDirectory C:\Users\ibadet.ozdemir\workspaceproje\fazlaysapaylas\src\main\resources
2017-11-09 16:51:57,414 [Worker-72] WARN  o.e.m.c.i.embedder.EclipseLogger - Using platform encoding (Cp1254 actually) to copy filtered resources, i.e. build is platform dependent!
2017-11-09 16:51:57,415 [Worker-72] INFO  o.e.m.c.i.embedder.EclipseLogger - skip non existing resourceDirectory C:\Users\ibadet.ozdemir\workspaceproje\fazlaysapaylas\src\test\resources
2017-11-09 16:54:52,297 [Start Help Server] INFO  org.eclipse.jetty.server.Server - jetty-8.1.16.v20140903
2017-11-09 16:54:52,331 [Start Help Server] INFO  o.e.jetty.server.AbstractConnector - Started SelectChannelConnector@127.0.0.1:51473
2017-11-09 16:55:48,404 [Worker-94] WARN  o.e.m.c.i.embedder.EclipseLogger - Using platform encoding (Cp1254 actually) to copy filtered resources, i.e. build is platform dependent!
2017-11-09 16:55:48,406 [Worker-94] INFO  o.e.m.c.i.embedder.EclipseLogger - skip non existing resourceDirectory C:\Users\ibadet.ozdemir\workspaceproje\fazlaysapaylas\src\main\resources
2017-11-09 16:55:48,407 [Worker-94] WARN  o.e.m.c.i.embedder.EclipseLogger - Using platform encoding (Cp1254 actually) to copy filtered resources, i.e. build is platform dependent!
2017-11-09 16:55:48,408 [Worker-94] INFO  o.e.m.c.i.embedder.EclipseLogger - skip non existing resourceDirectory C:\Users\ibadet.ozdemir\workspaceproje\fazlaysapaylas\src\test\resources
2017-11-09 17:13:25,454 [Worker-101] WARN  o.e.m.c.i.embedder.EclipseLogger - Using platform encoding (Cp1254 actually) to copy filtered resources, i.e. build is platform dependent!
2017-11-09 17:13:25,456 [Worker-101] INFO  o.e.m.c.i.embedder.EclipseLogger - skip non existing resourceDirectory C:\Users\ibadet.ozdemir\workspaceproje\fazlaysapaylas\src\main\resources
2017-11-09 17:13:25,456 [Worker-101] WARN  o.e.m.c.i.embedder.EclipseLogger - Using platform encoding (Cp1254 actually) to copy filtered resources, i.e. build is platform dependent!
2017-11-09 17:13:25,457 [Worker-101] INFO  o.e.m.c.i.embedder.EclipseLogger - skip non existing resourceDirectory C:\Users\ibadet.ozdemir\workspaceproje\fazlaysapaylas\src\test\resources
2017-11-09 17:15:38,872 [Worker-104] INFO  o.e.m.c.i.l.LifecycleMappingFactory - Using org.maven.ide.eclipse.wtp.WarLifecycleMapping lifecycle mapping for MavenProject: FazlaysaPaylas:FazlaysaPaylas:0.0.1-SNAPSHOT @ C:\Users\ibadet.ozdemir\workspaceproje\fazlaysapaylas\pom.xml.
2017-11-09 17:15:39,124 [Worker-104] WARN  o.e.m.c.i.embedder.EclipseLogger - Using platform encoding (Cp1254 actually) to copy filtered resources, i.e. build is platform dependent!
2017-11-09 17:15:39,126 [Worker-104] INFO  o.e.m.c.i.embedder.EclipseLogger - skip non existing resourceDirectory C:\Users\ibadet.ozdemir\workspaceproje\fazlaysapaylas\src\main\resources
2017-11-09 17:15:39,127 [Worker-104] WARN  o.e.m.c.i.embedder.EclipseLogger - Using platform encoding (Cp1254 actually) to copy filtered resources, i.e. build is platform dependent!
2017-11-09 17:15:39,128 [Worker-104] INFO  o.e.m.c.i.embedder.EclipseLogger - skip non existing resourceDirectory C:\Users\ibadet.ozdemir\workspaceproje\fazlaysapaylas\src\test\resources
2017-11-09 17:16:29,230 [Worker-105] WARN  o.e.m.c.i.embedder.EclipseLogger - Using platform encoding (Cp1254 actually) to copy filtered resources, i.e. build is platform dependent!
2017-11-09 17:16:29,231 [Worker-105] INFO  o.e.m.c.i.embedder.EclipseLogger - skip non existing resourceDirectory C:\Users\ibadet.ozdemir\workspaceproje\fazlaysapaylas\src\main\resources
2017-11-09 17:16:29,232 [Worker-105] WARN  o.e.m.c.i.embedder.EclipseLogger - Using platform encoding (Cp1254 actually) to copy filtered resources, i.e. build is platform dependent!
2017-11-09 17:16:29,232 [Worker-105] INFO  o.e.m.c.i.embedder.EclipseLogger - skip non existing resourceDirectory C:\Users\ibadet.ozdemir\workspaceproje\fazlaysapaylas\src\test\resources
2017-11-09 17:17:55,621 [Worker-105] WARN  o.e.m.c.i.embedder.EclipseLogger - Using platform encoding (Cp1254 actually) to copy filtered resources, i.e. build is platform dependent!
2017-11-09 17:17:55,624 [Worker-105] INFO  o.e.m.c.i.embedder.EclipseLogger - skip non existing resourceDirectory C:\Users\ibadet.ozdemir\workspaceproje\fazlaysapaylas\src\main\resources
2017-11-09 17:17:55,625 [Worker-105] WARN  o.e.m.c.i.embedder.EclipseLogger - Using platform encoding (Cp1254 actually) to copy filtered resources, i.e. build is platform dependent!
2017-11-09 17:17:55,626 [Worker-105] INFO  o.e.m.c.i.embedder.EclipseLogger - skip non existing resourceDirectory C:\Users\ibadet.ozdemir\workspaceproje\fazlaysapaylas\src\test\resources
2017-11-09 17:19:05,217 [Worker-103] WARN  o.e.m.c.i.embedder.EclipseLogger - Using platform encoding (Cp1254 actually) to copy filtered resources, i.e. build is platform dependent!
2017-11-09 17:19:05,219 [Worker-103] INFO  o.e.m.c.i.embedder.EclipseLogger - skip non existing resourceDirectory C:\Users\ibadet.ozdemir\workspaceproje\fazlaysapaylas\src\main\resources
2017-11-09 17:19:05,220 [Worker-103] WARN  o.e.m.c.i.embedder.EclipseLogger - Using platform encoding (Cp1254 actually) to copy filtered resources, i.e. build is platform dependent!
2017-11-09 17:19:05,221 [Worker-103] INFO  o.e.m.c.i.embedder.EclipseLogger - skip non existing resourceDirectory C:\Users\ibadet.ozdemir\workspaceproje\fazlaysapaylas\src\test\resources
2017-11-10 13:58:38,736 [Worker-336] WARN  o.e.m.c.i.embedder.EclipseLogger - Using platform encoding (Cp1254 actually) to copy filtered resources, i.e. build is platform dependent!
2017-11-10 13:58:38,738 [Worker-336] INFO  o.e.m.c.i.embedder.EclipseLogger - skip non existing resourceDirectory C:\Users\ibadet.ozdemir\workspaceproje\fazlaysapaylas\src\main\resources
2017-11-10 13:58:38,738 [Worker-336] WARN  o.e.m.c.i.embedder.EclipseLogger - Using platform encoding (Cp1254 actually) to copy filtered resources, i.e. build is platform dependent!
2017-11-10 13:58:38,739 [Worker-336] INFO  o.e.m.c.i.embedder.EclipseLogger - skip non existing resourceDirectory C:\Users\ibadet.ozdemir\workspaceproje\fazlaysapaylas\src\test\resources
2017-11-10 14:00:12,660 [Worker-334] WARN  o.e.m.c.i.embedder.EclipseLogger - Using platform encoding (Cp1254 actually) to copy filtered resources, i.e. build is platform dependent!
2017-11-10 14:00:12,661 [Worker-334] INFO  o.e.m.c.i.embedder.EclipseLogger - skip non existing resourceDirectory C:\Users\ibadet.ozdemir\workspaceproje\fazlaysapaylas\src\main\resources
2017-11-10 14:00:12,661 [Worker-334] WARN  o.e.m.c.i.embedder.EclipseLogger - Using platform encoding (Cp1254 actually) to copy filtered resources, i.e. build is platform dependent!
2017-11-10 14:00:12,662 [Worker-334] INFO  o.e.m.c.i.embedder.EclipseLogger - skip non existing resourceDirectory C:\Users\ibadet.ozdemir\workspaceproje\fazlaysapaylas\src\test\resources
2017-11-10 14:01:04,001 [Worker-335] WARN  o.e.m.c.i.embedder.EclipseLogger - Using platform encoding (Cp1254 actually) to copy filtered resources, i.e. build is platform dependent!
2017-11-10 14:01:04,004 [Worker-335] INFO  o.e.m.c.i.embedder.EclipseLogger - skip non existing resourceDirectory C:\Users\ibadet.ozdemir\workspaceproje\fazlaysapaylas\src\main\resources
2017-11-10 14:01:04,007 [Worker-335] WARN  o.e.m.c.i.embedder.EclipseLogger - Using platform encoding (Cp1254 actually) to copy filtered resources, i.e. build is platform dependent!
2017-11-10 14:01:04,010 [Worker-335] INFO  o.e.m.c.i.embedder.EclipseLogger - skip non existing resourceDirectory C:\Users\ibadet.ozdemir\workspaceproje\fazlaysapaylas\src\test\resources
2017-11-10 14:03:21,766 [Worker-334] WARN  o.e.m.c.i.embedder.EclipseLogger - Using platform encoding (Cp1254 actually) to copy filtered resources, i.e. build is platform dependent!
2017-11-10 14:03:21,767 [Worker-334] INFO  o.e.m.c.i.embedder.EclipseLogger - skip non existing resourceDirectory C:\Users\ibadet.ozdemir\workspaceproje\fazlaysapaylas\src\main\resources
2017-11-10 14:03:21,768 [Worker-334] WARN  o.e.m.c.i.embedder.EclipseLogger - Using platform encoding (Cp1254 actually) to copy filtered resources, i.e. build is platform dependent!
2017-11-10 14:03:21,769 [Worker-334] INFO  o.e.m.c.i.embedder.EclipseLogger - skip non existing resourceDirectory C:\Users\ibadet.ozdemir\workspaceproje\fazlaysapaylas\src\test\resources
2017-11-10 14:03:43,399 [Worker-342] WARN  o.e.m.c.i.embedder.EclipseLogger - Using platform encoding (Cp1254 actually) to copy filtered resources, i.e. build is platform dependent!
2017-11-10 14:03:43,400 [Worker-342] INFO  o.e.m.c.i.embedder.EclipseLogger - skip non existing resourceDirectory C:\Users\ibadet.ozdemir\workspaceproje\fazlaysapaylas\src\main\resources
2017-11-10 14:03:43,401 [Worker-342] WARN  o.e.m.c.i.embedder.EclipseLogger - Using platform encoding (Cp1254 actually) to copy filtered resources, i.e. build is platform dependent!
2017-11-10 14:03:43,402 [Worker-342] INFO  o.e.m.c.i.embedder.EclipseLogger - skip non existing resourceDirectory C:\Users\ibadet.ozdemir\workspaceproje\fazlaysapaylas\src\test\resources
2017-11-10 14:07:09,638 [Worker-345] WARN  o.e.m.c.i.embedder.EclipseLogger - Using platform encoding (Cp1254 actually) to copy filtered resources, i.e. build is platform dependent!
2017-11-10 14:07:09,639 [Worker-345] INFO  o.e.m.c.i.embedder.EclipseLogger - skip non existing resourceDirectory C:\Users\ibadet.ozdemir\workspaceproje\fazlaysapaylas\src\main\resources
2017-11-10 14:07:09,640 [Worker-345] WARN  o.e.m.c.i.embedder.EclipseLogger - Using platform encoding (Cp1254 actually) to copy filtered resources, i.e. build is platform dependent!
2017-11-10 14:07:09,643 [Worker-345] INFO  o.e.m.c.i.embedder.EclipseLogger - skip non existing resourceDirectory C:\Users\ibadet.ozdemir\workspaceproje\fazlaysapaylas\src\test\resources
2017-11-10 14:07:32,186 [Worker-343] WARN  o.e.m.c.i.embedder.EclipseLogger - Using platform encoding (Cp1254 actually) to copy filtered resources, i.e. build is platform dependent!
2017-11-10 14:07:32,187 [Worker-343] INFO  o.e.m.c.i.embedder.EclipseLogger - skip non existing resourceDirectory C:\Users\ibadet.ozdemir\workspaceproje\fazlaysapaylas\src\main\resources
2017-11-10 14:07:32,187 [Worker-343] WARN  o.e.m.c.i.embedder.EclipseLogger - Using platform encoding (Cp1254 actually) to copy filtered resources, i.e. build is platform dependent!
2017-11-10 14:07:32,188 [Worker-343] INFO  o.e.m.c.i.embedder.EclipseLogger - skip non existing resourceDirectory C:\Users\ibadet.ozdemir\workspaceproje\fazlaysapaylas\src\test\resources
2017-11-10 14:08:06,848 [Worker-348] WARN  o.e.m.c.i.embedder.EclipseLogger - Using platform encoding (Cp1254 actually) to copy filtered resources, i.e. build is platform dependent!
2017-11-10 14:08:06,849 [Worker-348] INFO  o.e.m.c.i.embedder.EclipseLogger - skip non existing resourceDirectory C:\Users\ibadet.ozdemir\workspaceproje\fazlaysapaylas\src\main\resources
2017-11-10 14:08:06,852 [Worker-348] WARN  o.e.m.c.i.embedder.EclipseLogger - Using platform encoding (Cp1254 actually) to copy filtered resources, i.e. build is platform dependent!
2017-11-10 14:08:06,854 [Worker-348] INFO  o.e.m.c.i.embedder.EclipseLogger - skip non existing resourceDirectory C:\Users\ibadet.ozdemir\workspaceproje\fazlaysapaylas\src\test\resources
2017-11-10 14:08:49,837 [Worker-345] WARN  o.e.m.c.i.embedder.EclipseLogger - Using platform encoding (Cp1254 actually) to copy filtered resources, i.e. build is platform dependent!
2017-11-10 14:08:49,839 [Worker-345] INFO  o.e.m.c.i.embedder.EclipseLogger - skip non existing resourceDirectory C:\Users\ibadet.ozdemir\workspaceproje\fazlaysapaylas\src\main\resources
2017-11-10 14:08:49,841 [Worker-345] WARN  o.e.m.c.i.embedder.EclipseLogger - Using platform encoding (Cp1254 actually) to copy filtered resources, i.e. build is platform dependent!
2017-11-10 14:08:49,844 [Worker-345] INFO  o.e.m.c.i.embedder.EclipseLogger - skip non existing resourceDirectory C:\Users\ibadet.ozdemir\workspaceproje\fazlaysapaylas\src\test\resources
2017-11-10 14:16:21,990 [Worker-353] WARN  o.e.m.c.i.embedder.EclipseLogger - Using platform encoding (Cp1254 actually) to copy filtered resources, i.e. build is platform dependent!
2017-11-10 14:16:21,991 [Worker-353] INFO  o.e.m.c.i.embedder.EclipseLogger - skip non existing resourceDirectory C:\Users\ibadet.ozdemir\workspaceproje\fazlaysapaylas\src\main\resources
2017-11-10 14:16:21,992 [Worker-353] WARN  o.e.m.c.i.embedder.EclipseLogger - Using platform encoding (Cp1254 actually) to copy filtered resources, i.e. build is platform dependent!
2017-11-10 14:16:21,993 [Worker-353] INFO  o.e.m.c.i.embedder.EclipseLogger - skip non existing resourceDirectory C:\Users\ibadet.ozdemir\workspaceproje\fazlaysapaylas\src\test\resources
2017-11-10 14:20:05,577 [Worker-356] WARN  o.e.m.c.i.embedder.EclipseLogger - Using platform encoding (Cp1254 actually) to copy filtered resources, i.e. build is platform dependent!
2017-11-10 14:20:05,579 [Worker-356] INFO  o.e.m.c.i.embedder.EclipseLogger - skip non existing resourceDirectory C:\Users\ibadet.ozdemir\workspaceproje\fazlaysapaylas\src\main\resources
2017-11-10 14:20:05,579 [Worker-356] WARN  o.e.m.c.i.embedder.EclipseLogger - Using platform encoding (Cp1254 actually) to copy filtered resources, i.e. build is platform dependent!
2017-11-10 14:20:05,580 [Worker-356] INFO  o.e.m.c.i.embedder.EclipseLogger - skip non existing resourceDirectory C:\Users\ibadet.ozdemir\workspaceproje\fazlaysapaylas\src\test\resources
2017-11-10 14:20:16,638 [Worker-351] WARN  o.e.m.c.i.embedder.EclipseLogger - Using platform encoding (Cp1254 actually) to copy filtered resources, i.e. build is platform dependent!
2017-11-10 14:20:16,639 [Worker-351] INFO  o.e.m.c.i.embedder.EclipseLogger - skip non existing resourceDirectory C:\Users\ibadet.ozdemir\workspaceproje\fazlaysapaylas\src\main\resources
2017-11-10 14:20:16,641 [Worker-351] WARN  o.e.m.c.i.embedder.EclipseLogger - Using platform encoding (Cp1254 actually) to copy filtered resources, i.e. build is platform dependent!
2017-11-10 14:20:16,643 [Worker-351] INFO  o.e.m.c.i.embedder.EclipseLogger - skip non existing resourceDirectory C:\Users\ibadet.ozdemir\workspaceproje\fazlaysapaylas\src\test\resources
2017-11-10 14:20:38,684 [Worker-356] WARN  o.e.m.c.i.embedder.EclipseLogger - Using platform encoding (Cp1254 actually) to copy filtered resources, i.e. build is platform dependent!
2017-11-10 14:20:38,686 [Worker-356] INFO  o.e.m.c.i.embedder.EclipseLogger - skip non existing resourceDirectory C:\Users\ibadet.ozdemir\workspaceproje\fazlaysapaylas\src\main\resources
2017-11-10 14:20:38,686 [Worker-356] WARN  o.e.m.c.i.embedder.EclipseLogger - Using platform encoding (Cp1254 actually) to copy filtered resources, i.e. build is platform dependent!
2017-11-10 14:20:38,687 [Worker-356] INFO  o.e.m.c.i.embedder.EclipseLogger - skip non existing resourceDirectory C:\Users\ibadet.ozdemir\workspaceproje\fazlaysapaylas\src\test\resources
2017-11-10 15:02:04,855 [Worker-380] WARN  o.e.m.c.i.embedder.EclipseLogger - Using platform encoding (Cp1254 actually) to copy filtered resources, i.e. build is platform dependent!
2017-11-10 15:02:04,867 [Worker-380] INFO  o.e.m.c.i.embedder.EclipseLogger - skip non existing resourceDirectory C:\Users\ibadet.ozdemir\workspaceproje\fazlaysapaylas\src\main\resources
2017-11-10 15:02:04,868 [Worker-380] WARN  o.e.m.c.i.embedder.EclipseLogger - Using platform encoding (Cp1254 actually) to copy filtered resources, i.e. build is platform dependent!
2017-11-10 15:02:04,869 [Worker-380] INFO  o.e.m.c.i.embedder.EclipseLogger - skip non existing resourceDirectory C:\Users\ibadet.ozdemir\workspaceproje\fazlaysapaylas\src\test\resources
2017-11-10 15:04:43,669 [Worker-380] WARN  o.e.m.c.i.embedder.EclipseLogger - Using platform encoding (Cp1254 actually) to copy filtered resources, i.e. build is platform dependent!
2017-11-10 15:04:43,671 [Worker-380] INFO  o.e.m.c.i.embedder.EclipseLogger - skip non existing resourceDirectory C:\Users\ibadet.ozdemir\workspaceproje\fazlaysapaylas\src\main\resources
2017-11-10 15:04:43,672 [Worker-380] WARN  o.e.m.c.i.embedder.EclipseLogger - Using platform encoding (Cp1254 actually) to copy filtered resources, i.e. build is platform dependent!
2017-11-10 15:04:43,673 [Worker-380] INFO  o.e.m.c.i.embedder.EclipseLogger - skip non existing resourceDirectory C:\Users\ibadet.ozdemir\workspaceproje\fazlaysapaylas\src\test\resources
2017-11-10 15:10:00,301 [Worker-386] WARN  o.e.m.c.i.embedder.EclipseLogger - Using platform encoding (Cp1254 actually) to copy filtered resources, i.e. build is platform dependent!
2017-11-10 15:10:00,302 [Worker-386] INFO  o.e.m.c.i.embedder.EclipseLogger - skip non existing resourceDirectory C:\Users\ibadet.ozdemir\workspaceproje\fazlaysapaylas\src\main\resources
2017-11-10 15:10:00,303 [Worker-386] WARN  o.e.m.c.i.embedder.EclipseLogger - Using platform encoding (Cp1254 actually) to copy filtered resources, i.e. build is platform dependent!
2017-11-10 15:10:00,304 [Worker-386] INFO  o.e.m.c.i.embedder.EclipseLogger - skip non existing resourceDirectory C:\Users\ibadet.ozdemir\workspaceproje\fazlaysapaylas\src\test\resources
2017-11-10 15:11:04,004 [Worker-386] WARN  o.e.m.c.i.embedder.EclipseLogger - Using platform encoding (Cp1254 actually) to copy filtered resources, i.e. build is platform dependent!
2017-11-10 15:11:04,005 [Worker-386] INFO  o.e.m.c.i.embedder.EclipseLogger - skip non existing resourceDirectory C:\Users\ibadet.ozdemir\workspaceproje\fazlaysapaylas\src\main\resources
2017-11-10 15:11:04,007 [Worker-386] WARN  o.e.m.c.i.embedder.EclipseLogger - Using platform encoding (Cp1254 actually) to copy filtered resources, i.e. build is platform dependent!
2017-11-10 15:11:04,009 [Worker-386] INFO  o.e.m.c.i.embedder.EclipseLogger - skip non existing resourceDirectory C:\Users\ibadet.ozdemir\workspaceproje\fazlaysapaylas\src\test\resources
2017-11-10 15:11:22,986 [Worker-389] WARN  o.e.m.c.i.embedder.EclipseLogger - Using platform encoding (Cp1254 actually) to copy filtered resources, i.e. build is platform dependent!
2017-11-10 15:11:22,988 [Worker-389] INFO  o.e.m.c.i.embedder.EclipseLogger - skip non existing resourceDirectory C:\Users\ibadet.ozdemir\workspaceproje\fazlaysapaylas\src\main\resources
2017-11-10 15:11:22,989 [Worker-389] WARN  o.e.m.c.i.embedder.EclipseLogger - Using platform encoding (Cp1254 actually) to copy filtered resources, i.e. build is platform dependent!
2017-11-10 15:11:22,990 [Worker-389] INFO  o.e.m.c.i.embedder.EclipseLogger - skip non existing resourceDirectory C:\Users\ibadet.ozdemir\workspaceproje\fazlaysapaylas\src\test\resources
2017-11-10 15:17:48,955 [Worker-389] WARN  o.e.m.c.i.embedder.EclipseLogger - Using platform encoding (Cp1254 actually) to copy filtered resources, i.e. build is platform dependent!
2017-11-10 15:17:48,956 [Worker-389] INFO  o.e.m.c.i.embedder.EclipseLogger - skip non existing resourceDirectory C:\Users\ibadet.ozdemir\workspaceproje\fazlaysapaylas\src\main\resources
2017-11-10 15:17:48,957 [Worker-389] WARN  o.e.m.c.i.embedder.EclipseLogger - Using platform encoding (Cp1254 actually) to copy filtered resources, i.e. build is platform dependent!
2017-11-10 15:17:48,958 [Worker-389] INFO  o.e.m.c.i.embedder.EclipseLogger - skip non existing resourceDirectory C:\Users\ibadet.ozdemir\workspaceproje\fazlaysapaylas\src\test\resources
2017-11-10 15:34:10,349 [Worker-402] WARN  o.e.m.c.i.embedder.EclipseLogger - Using platform encoding (Cp1254 actually) to copy filtered resources, i.e. build is platform dependent!
2017-11-10 15:34:10,350 [Worker-402] INFO  o.e.m.c.i.embedder.EclipseLogger - skip non existing resourceDirectory C:\Users\ibadet.ozdemir\workspaceproje\fazlaysapaylas\src\main\resources
2017-11-10 15:34:10,352 [Worker-402] WARN  o.e.m.c.i.embedder.EclipseLogger - Using platform encoding (Cp1254 actually) to copy filtered resources, i.e. build is platform dependent!
2017-11-10 15:34:10,355 [Worker-402] INFO  o.e.m.c.i.embedder.EclipseLogger - skip non existing resourceDirectory C:\Users\ibadet.ozdemir\workspaceproje\fazlaysapaylas\src\test\resources
2017-11-10 15:41:44,795 [Worker-407] WARN  o.e.m.c.i.embedder.EclipseLogger - Using platform encoding (Cp1254 actually) to copy filtered resources, i.e. build is platform dependent!
2017-11-10 15:41:44,796 [Worker-407] INFO  o.e.m.c.i.embedder.EclipseLogger - skip non existing resourceDirectory C:\Users\ibadet.ozdemir\workspaceproje\fazlaysapaylas\src\main\resources
2017-11-10 15:41:44,797 [Worker-407] WARN  o.e.m.c.i.embedder.EclipseLogger - Using platform encoding (Cp1254 actually) to copy filtered resources, i.e. build is platform dependent!
2017-11-10 15:41:44,798 [Worker-407] INFO  o.e.m.c.i.embedder.EclipseLogger - skip non existing resourceDirectory C:\Users\ibadet.ozdemir\workspaceproje\fazlaysapaylas\src\test\resources
2017-11-10 15:55:15,537 [Worker-417] WARN  o.e.m.c.i.embedder.EclipseLogger - Using platform encoding (Cp1254 actually) to copy filtered resources, i.e. build is platform dependent!
2017-11-10 15:55:15,538 [Worker-417] INFO  o.e.m.c.i.embedder.EclipseLogger - skip non existing resourceDirectory C:\Users\ibadet.ozdemir\workspaceproje\fazlaysapaylas\src\main\resources
2017-11-10 15:55:15,538 [Worker-417] WARN  o.e.m.c.i.embedder.EclipseLogger - Using platform encoding (Cp1254 actually) to copy filtered resources, i.e. build is platform dependent!
2017-11-10 15:55:15,539 [Worker-417] INFO  o.e.m.c.i.embedder.EclipseLogger - skip non existing resourceDirectory C:\Users\ibadet.ozdemir\workspaceproje\fazlaysapaylas\src\test\resources
2017-11-10 15:56:41,052 [Worker-415] WARN  o.e.m.c.i.embedder.EclipseLogger - Using platform encoding (Cp1254 actually) to copy filtered resources, i.e. build is platform dependent!
2017-11-10 15:56:41,053 [Worker-415] INFO  o.e.m.c.i.embedder.EclipseLogger - skip non existing resourceDirectory C:\Users\ibadet.ozdemir\workspaceproje\fazlaysapaylas\src\main\resources
2017-11-10 15:56:41,053 [Worker-415] WARN  o.e.m.c.i.embedder.EclipseLogger - Using platform encoding (Cp1254 actually) to copy filtered resources, i.e. build is platform dependent!
2017-11-10 15:56:41,054 [Worker-415] INFO  o.e.m.c.i.embedder.EclipseLogger - skip non existing resourceDirectory C:\Users\ibadet.ozdemir\workspaceproje\fazlaysapaylas\src\test\resources
2017-11-10 16:17:06,186 [Worker-428] WARN  o.e.m.c.i.embedder.EclipseLogger - Using platform encoding (Cp1254 actually) to copy filtered resources, i.e. build is platform dependent!
2017-11-10 16:17:06,188 [Worker-428] INFO  o.e.m.c.i.embedder.EclipseLogger - skip non existing resourceDirectory C:\Users\ibadet.ozdemir\workspaceproje\fazlaysapaylas\src\main\resources
2017-11-10 16:17:06,189 [Worker-428] WARN  o.e.m.c.i.embedder.EclipseLogger - Using platform encoding (Cp1254 actually) to copy filtered resources, i.e. build is platform dependent!
2017-11-10 16:17:06,190 [Worker-428] INFO  o.e.m.c.i.embedder.EclipseLogger - skip non existing resourceDirectory C:\Users\ibadet.ozdemir\workspaceproje\fazlaysapaylas\src\test\resources
2017-11-10 16:18:04,720 [Worker-431] WARN  o.e.m.c.i.embedder.EclipseLogger - Using platform encoding (Cp1254 actually) to copy filtered resources, i.e. build is platform dependent!
2017-11-10 16:18:04,721 [Worker-431] INFO  o.e.m.c.i.embedder.EclipseLogger - skip non existing resourceDirectory C:\Users\ibadet.ozdemir\workspaceproje\fazlaysapaylas\src\main\resources
2017-11-10 16:18:04,723 [Worker-431] WARN  o.e.m.c.i.embedder.EclipseLogger - Using platform encoding (Cp1254 actually) to copy filtered resources, i.e. build is platform dependent!
2017-11-10 16:18:04,725 [Worker-431] INFO  o.e.m.c.i.embedder.EclipseLogger - skip non existing resourceDirectory C:\Users\ibadet.ozdemir\workspaceproje\fazlaysapaylas\src\test\resources
2017-11-10 16:20:53,066 [Worker-430] WARN  o.e.m.c.i.embedder.EclipseLogger - Using platform encoding (Cp1254 actually) to copy filtered resources, i.e. build is platform dependent!
2017-11-10 16:20:53,067 [Worker-430] INFO  o.e.m.c.i.embedder.EclipseLogger - skip non existing resourceDirectory C:\Users\ibadet.ozdemir\workspaceproje\fazlaysapaylas\src\main\resources
2017-11-10 16:20:53,068 [Worker-430] WARN  o.e.m.c.i.embedder.EclipseLogger - Using platform encoding (Cp1254 actually) to copy filtered resources, i.e. build is platform dependent!
2017-11-10 16:20:53,069 [Worker-430] INFO  o.e.m.c.i.embedder.EclipseLogger - skip non existing resourceDirectory C:\Users\ibadet.ozdemir\workspaceproje\fazlaysapaylas\src\test\resources
2017-11-10 16:21:21,119 [Worker-436] WARN  o.e.m.c.i.embedder.EclipseLogger - Using platform encoding (Cp1254 actually) to copy filtered resources, i.e. build is platform dependent!
2017-11-10 16:21:21,121 [Worker-436] INFO  o.e.m.c.i.embedder.EclipseLogger - skip non existing resourceDirectory C:\Users\ibadet.ozdemir\workspaceproje\fazlaysapaylas\src\main\resources
2017-11-10 16:21:21,122 [Worker-436] WARN  o.e.m.c.i.embedder.EclipseLogger - Using platform encoding (Cp1254 actually) to copy filtered resources, i.e. build is platform dependent!
2017-11-10 16:21:21,123 [Worker-436] INFO  o.e.m.c.i.embedder.EclipseLogger - skip non existing resourceDirectory C:\Users\ibadet.ozdemir\workspaceproje\fazlaysapaylas\src\test\resources
2017-11-10 16:29:39,872 [Worker-441] WARN  o.e.m.c.i.embedder.EclipseLogger - Using platform encoding (Cp1254 actually) to copy filtered resources, i.e. build is platform dependent!
2017-11-10 16:29:39,873 [Worker-441] INFO  o.e.m.c.i.embedder.EclipseLogger - skip non existing resourceDirectory C:\Users\ibadet.ozdemir\workspaceproje\fazlaysapaylas\src\main\resources
2017-11-10 16:29:39,874 [Worker-441] WARN  o.e.m.c.i.embedder.EclipseLogger - Using platform encoding (Cp1254 actually) to copy filtered resources, i.e. build is platform dependent!
2017-11-10 16:29:39,875 [Worker-441] INFO  o.e.m.c.i.embedder.EclipseLogger - skip non existing resourceDirectory C:\Users\ibadet.ozdemir\workspaceproje\fazlaysapaylas\src\test\resources
2017-11-10 16:35:47,386 [Worker-446] WARN  o.e.m.c.i.embedder.EclipseLogger - Using platform encoding (Cp1254 actually) to copy filtered resources, i.e. build is platform dependent!
2017-11-10 16:35:47,387 [Worker-446] INFO  o.e.m.c.i.embedder.EclipseLogger - skip non existing resourceDirectory C:\Users\ibadet.ozdemir\workspaceproje\fazlaysapaylas\src\main\resources
